<?xml version="1.0" encoding="UTF-8"?>
<!-- Generated by org.testng.reporters.JUnitXMLReporter -->
<testsuite ignored="0" hostname="DESKTOP-HDBL699" failures="0" tests="4" name="Default test" time="34.628" errors="0" timestamp="2024-12-22T01:37:43 IST">
  <testcase classname="testpackg.JioTest" name="PageSource" time="0.359"/>
  <testcase classname="testpackg.JioTest" name="hoverOverTabs" time="9.09"/>
  <testcase classname="testpackg.JioTest" name="srchClick" time="13.606"/>
  <testcase classname="testpackg.JioTest" name="titleVerification" time="0.103"/>
</testsuite> <!-- Default test -->
