<?xml version="1.0" encoding="UTF-8"?>
<!-- Generated by org.testng.reporters.JUnitXMLReporter -->
<testsuite ignored="0" hostname="DESKTOP-HDBL699" failures="0" tests="4" name="Test" time="347.28" errors="0" timestamp="2024-12-29T14:54:56 IST">
  <testcase classname="testpackg.JioTest" name="PageSource" time="0.451"/>
  <testcase classname="testpackg.JioTest" name="hoverOverTabs" time="7.38"/>
  <testcase classname="testpackg.JioTest" name="srchClick" time="322.591"/>
  <testcase classname="testpackg.JioTest" name="titleVerification" time="0.025"/>
</testsuite> <!-- Test -->
