<?xml version="1.0" encoding="UTF-8"?>
<testng-results ignored="0" total="4" passed="4" failed="0" skipped="0">
  <reporter-output>
  </reporter-output>
  <suite started-at="2024-12-29T14:49:09 IST" name="Suite" finished-at="2024-12-29T14:54:56 IST" duration-ms="347280">
    <groups>
    </groups>
    <test started-at="2024-12-29T14:49:09 IST" name="Test" finished-at="2024-12-29T14:54:56 IST" duration-ms="347280">
      <class name="testpackg.JioTest">
        <test-method is-config="true" signature="setUp()[pri:0, instance:testpackg.JioTest@201a4587]" started-at="2024-12-29T14:49:09 IST" name="setUp" finished-at="2024-12-29T14:49:24 IST" duration-ms="15370" status="PASS">
          <reporter-output>
          </reporter-output>
        </test-method> <!-- setUp -->
        <test-method signature="PageSource()[pri:0, instance:testpackg.JioTest@201a4587]" started-at="2024-12-29T14:49:25 IST" name="PageSource" finished-at="2024-12-29T14:49:26 IST" duration-ms="451" status="PASS">
          <reporter-output>
          </reporter-output>
        </test-method> <!-- PageSource -->
        <test-method signature="hoverOverTabs()[pri:0, instance:testpackg.JioTest@201a4587]" started-at="2024-12-29T14:49:26 IST" name="hoverOverTabs" finished-at="2024-12-29T14:49:33 IST" duration-ms="7380" status="PASS">
          <reporter-output>
          </reporter-output>
        </test-method> <!-- hoverOverTabs -->
        <test-method signature="srchClick()[pri:0, instance:testpackg.JioTest@201a4587]" started-at="2024-12-29T14:49:33 IST" name="srchClick" finished-at="2024-12-29T14:54:56 IST" duration-ms="322591" status="PASS">
          <reporter-output>
          </reporter-output>
        </test-method> <!-- srchClick -->
        <test-method signature="titleVerification()[pri:0, instance:testpackg.JioTest@201a4587]" started-at="2024-12-29T14:54:56 IST" name="titleVerification" finished-at="2024-12-29T14:54:56 IST" duration-ms="25" status="PASS">
          <reporter-output>
          </reporter-output>
        </test-method> <!-- titleVerification -->
        <test-method is-config="true" signature="tearDown()[pri:0, instance:testpackg.JioTest@201a4587]" started-at="2024-12-29T14:54:56 IST" name="tearDown" finished-at="2024-12-29T14:54:56 IST" duration-ms="458" status="PASS">
          <reporter-output>
          </reporter-output>
        </test-method> <!-- tearDown -->
      </class> <!-- testpackg.JioTest -->
    </test> <!-- Test -->
  </suite> <!-- Suite -->
</testng-results>
